<?xml version="1.0" encoding="UTF-8" ?>
<testsuite tests="4" failures="0" name="javautil.excel.xlsx.XlsxHelperTest" time="0.249" errors="0" skipped="0">
  <properties>
[...]
</properties>
  <testcase classname="javautil.excel.xlsx.XlsxHelperTest" name="TestWriteRow" time="0.112"/>
  <testcase classname="javautil.excel.xlsx.XlsxHelperTest" name="TestWriteJSONArrayToSheet" time="0.056"/>
  <testcase classname="javautil.excel.xlsx.XlsxHelperTest" name="TestGetSheetAsJsonArray" time="0.063"/>
  <testcase classname="javautil.excel.xlsx.XlsxHelperTest" name="TestGetRowValueList" time="0.018"/>
</testsuite>